The system is: Linux - 2.6.32-431.11.2.el6.x86_64 - x86_64
Compiling the CXX compiler identification source file "CMakeCXXCompilerId.cpp" succeeded.
Compiler: /opt/gcc/4.9.2/bin/c++ 
Build flags: 
Id flags: 

The output was:
0


Compilation of the CXX compiler identification source "CMakeCXXCompilerId.cpp" produced "a.out"

The CXX compiler identification is GNU, found in "/home/kaik1/AFS/cf/cf/build/CMakeFiles/2.8.12.2/CompilerIdCXX/a.out"

Determining if the CXX compiler works passed with the following output:
Change Dir: /home/kaik1/AFS/cf/cf/build/CMakeFiles/CMakeTmp

Run Build Command:/usr/bin/gmake "cmTryCompileExec1501186816/fast"
/usr/bin/gmake -f CMakeFiles/cmTryCompileExec1501186816.dir/build.make CMakeFiles/cmTryCompileExec1501186816.dir/build
gmake[1]: Entering directory `/afs/andrew.cmu.edu/usr11/kaik1/cf/cf/build/CMakeFiles/CMakeTmp'
/usr/bin/cmake -E cmake_progress_report /home/kaik1/AFS/cf/cf/build/CMakeFiles/CMakeTmp/CMakeFiles 1
Building CXX object CMakeFiles/cmTryCompileExec1501186816.dir/testCXXCompiler.cxx.o
/opt/gcc/4.9.2/bin/c++     -o CMakeFiles/cmTryCompileExec1501186816.dir/testCXXCompiler.cxx.o -c /home/kaik1/AFS/cf/cf/build/CMakeFiles/CMakeTmp/testCXXCompiler.cxx
Linking CXX executable cmTryCompileExec1501186816
/usr/bin/cmake -E cmake_link_script CMakeFiles/cmTryCompileExec1501186816.dir/link.txt --verbose=1
/opt/gcc/4.9.2/bin/c++        CMakeFiles/cmTryCompileExec1501186816.dir/testCXXCompiler.cxx.o  -o cmTryCompileExec1501186816 -rdynamic 
gmake[1]: Leaving directory `/afs/andrew.cmu.edu/usr11/kaik1/cf/cf/build/CMakeFiles/CMakeTmp'


Detecting CXX compiler ABI info compiled with the following output:
Change Dir: /home/kaik1/AFS/cf/cf/build/CMakeFiles/CMakeTmp

Run Build Command:/usr/bin/gmake "cmTryCompileExec2536774522/fast"
/usr/bin/gmake -f CMakeFiles/cmTryCompileExec2536774522.dir/build.make CMakeFiles/cmTryCompileExec2536774522.dir/build
gmake[1]: Entering directory `/afs/andrew.cmu.edu/usr11/kaik1/cf/cf/build/CMakeFiles/CMakeTmp'
/usr/bin/cmake -E cmake_progress_report /home/kaik1/AFS/cf/cf/build/CMakeFiles/CMakeTmp/CMakeFiles 1
Building CXX object CMakeFiles/cmTryCompileExec2536774522.dir/CMakeCXXCompilerABI.cpp.o
/opt/gcc/4.9.2/bin/c++     -o CMakeFiles/cmTryCompileExec2536774522.dir/CMakeCXXCompilerABI.cpp.o -c /usr/share/cmake/Modules/CMakeCXXCompilerABI.cpp
Linking CXX executable cmTryCompileExec2536774522
/usr/bin/cmake -E cmake_link_script CMakeFiles/cmTryCompileExec2536774522.dir/link.txt --verbose=1
/opt/gcc/4.9.2/bin/c++      -v CMakeFiles/cmTryCompileExec2536774522.dir/CMakeCXXCompilerABI.cpp.o  -o cmTryCompileExec2536774522 -rdynamic  
Using built-in specs.
COLLECT_GCC=/opt/gcc/4.9.2/bin/c++
COLLECT_LTO_WRAPPER=/opt/gcc/4.9.2/libexec/gcc/x86_64-unknown-linux-gnu/4.9.2/lto-wrapper
Target: x86_64-unknown-linux-gnu
Configured with: ../gcc-4.9.2/configure --prefix=/opt/gcc/4.9.2 --disable-multilib
Thread model: posix
gcc version 4.9.2 (GCC) 
COMPILER_PATH=/opt/gcc/4.9.2/libexec/gcc/x86_64-unknown-linux-gnu/4.9.2/:/opt/gcc/4.9.2/libexec/gcc/x86_64-unknown-linux-gnu/4.9.2/:/opt/gcc/4.9.2/libexec/gcc/x86_64-unknown-linux-gnu/:/opt/gcc/4.9.2/lib/gcc/x86_64-unknown-linux-gnu/4.9.2/:/opt/gcc/4.9.2/lib/gcc/x86_64-unknown-linux-gnu/
LIBRARY_PATH=/opt/gcc/4.9.2/lib/gcc/x86_64-unknown-linux-gnu/4.9.2/:/opt/gcc/4.9.2/lib/gcc/x86_64-unknown-linux-gnu/4.9.2/../../../../lib64/:/lib/../lib64/:/usr/lib/../lib64/:/opt/intel/composer_xe_2015.3.187/compiler/lib/intel64/:/opt/intel/composer_xe_2015.3.187/ipp/../compiler/lib/intel64/:/opt/intel/composer_xe_2015.3.187/ipp/lib/intel64/:/opt/intel/composer_xe_2015.3.187/compiler/lib/intel64/:/opt/intel/composer_xe_2015.3.187/mkl/lib/intel64/:/opt/intel/composer_xe_2015.3.187/tbb/lib/intel64/gcc4.4/:/opt/intel/composer_xe_2015.3.187/compiler/lib/intel64/:/opt/intel/composer_xe_2015.3.187/ipp/../compiler/lib/intel64/:/opt/intel/composer_xe_2015.3.187/ipp/lib/intel64/:/opt/intel/composer_xe_2015.3.187/compiler/lib/intel64/:/opt/intel/composer_xe_2015.3.187/mkl/lib/intel64/:/opt/intel/composer_xe_2015.3.187/tbb/lib/intel64/gcc4.4/:/opt/gcc/4.9.2/lib/gcc/x86_64-unknown-linux-gnu/4.9.2/../../../:/lib/:/usr/lib/
COLLECT_GCC_OPTIONS='-v' '-o' 'cmTryCompileExec2536774522' '-rdynamic' '-shared-libgcc' '-mtune=generic' '-march=x86-64'
 /opt/gcc/4.9.2/libexec/gcc/x86_64-unknown-linux-gnu/4.9.2/collect2 --eh-frame-hdr -m elf_x86_64 -export-dynamic -dynamic-linker /lib64/ld-linux-x86-64.so.2 -o cmTryCompileExec2536774522 /usr/lib/../lib64/crt1.o /usr/lib/../lib64/crti.o /opt/gcc/4.9.2/lib/gcc/x86_64-unknown-linux-gnu/4.9.2/crtbegin.o -L/opt/gcc/4.9.2/lib/gcc/x86_64-unknown-linux-gnu/4.9.2 -L/opt/gcc/4.9.2/lib/gcc/x86_64-unknown-linux-gnu/4.9.2/../../../../lib64 -L/lib/../lib64 -L/usr/lib/../lib64 -L/opt/intel/composer_xe_2015.3.187/compiler/lib/intel64 -L/opt/intel/composer_xe_2015.3.187/ipp/../compiler/lib/intel64 -L/opt/intel/composer_xe_2015.3.187/ipp/lib/intel64 -L/opt/intel/composer_xe_2015.3.187/compiler/lib/intel64 -L/opt/intel/composer_xe_2015.3.187/mkl/lib/intel64 -L/opt/intel/composer_xe_2015.3.187/tbb/lib/intel64/gcc4.4 -L/opt/intel/composer_xe_2015.3.187/compiler/lib/intel64 -L/opt/intel/composer_xe_2015.3.187/ipp/../compiler/lib/intel64 -L/opt/intel/composer_xe_2015.3.187/ipp/lib/intel64 -L/opt/intel/composer_xe_2015.3.187/compiler/lib/intel64 -L/opt/intel/composer_xe_2015.3.187/mkl/lib/intel64 -L/opt/intel/composer_xe_2015.3.187/tbb/lib/intel64/gcc4.4 -L/opt/gcc/4.9.2/lib/gcc/x86_64-unknown-linux-gnu/4.9.2/../../.. CMakeFiles/cmTryCompileExec2536774522.dir/CMakeCXXCompilerABI.cpp.o -lstdc++ -lm -lgcc_s -lgcc -lc -lgcc_s -lgcc /opt/gcc/4.9.2/lib/gcc/x86_64-unknown-linux-gnu/4.9.2/crtend.o /usr/lib/../lib64/crtn.o
gmake[1]: Leaving directory `/afs/andrew.cmu.edu/usr11/kaik1/cf/cf/build/CMakeFiles/CMakeTmp'


Parsed CXX implicit link information from above output:
  link line regex: [^( *|.*[/\])(ld|([^/\]+-)?ld|collect2)[^/\]*( |$)]
  ignore line: [Change Dir: /home/kaik1/AFS/cf/cf/build/CMakeFiles/CMakeTmp]
  ignore line: []
  ignore line: [Run Build Command:/usr/bin/gmake "cmTryCompileExec2536774522/fast"]
  ignore line: [/usr/bin/gmake -f CMakeFiles/cmTryCompileExec2536774522.dir/build.make CMakeFiles/cmTryCompileExec2536774522.dir/build]
  ignore line: [gmake[1]: Entering directory `/afs/andrew.cmu.edu/usr11/kaik1/cf/cf/build/CMakeFiles/CMakeTmp']
  ignore line: [/usr/bin/cmake -E cmake_progress_report /home/kaik1/AFS/cf/cf/build/CMakeFiles/CMakeTmp/CMakeFiles 1]
  ignore line: [Building CXX object CMakeFiles/cmTryCompileExec2536774522.dir/CMakeCXXCompilerABI.cpp.o]
  ignore line: [/opt/gcc/4.9.2/bin/c++     -o CMakeFiles/cmTryCompileExec2536774522.dir/CMakeCXXCompilerABI.cpp.o -c /usr/share/cmake/Modules/CMakeCXXCompilerABI.cpp]
  ignore line: [Linking CXX executable cmTryCompileExec2536774522]
  ignore line: [/usr/bin/cmake -E cmake_link_script CMakeFiles/cmTryCompileExec2536774522.dir/link.txt --verbose=1]
  ignore line: [/opt/gcc/4.9.2/bin/c++      -v CMakeFiles/cmTryCompileExec2536774522.dir/CMakeCXXCompilerABI.cpp.o  -o cmTryCompileExec2536774522 -rdynamic  ]
  ignore line: [Using built-in specs.]
  ignore line: [COLLECT_GCC=/opt/gcc/4.9.2/bin/c++]
  ignore line: [COLLECT_LTO_WRAPPER=/opt/gcc/4.9.2/libexec/gcc/x86_64-unknown-linux-gnu/4.9.2/lto-wrapper]
  ignore line: [Target: x86_64-unknown-linux-gnu]
  ignore line: [Configured with: ../gcc-4.9.2/configure --prefix=/opt/gcc/4.9.2 --disable-multilib]
  ignore line: [Thread model: posix]
  ignore line: [gcc version 4.9.2 (GCC) ]
  ignore line: [COMPILER_PATH=/opt/gcc/4.9.2/libexec/gcc/x86_64-unknown-linux-gnu/4.9.2/:/opt/gcc/4.9.2/libexec/gcc/x86_64-unknown-linux-gnu/4.9.2/:/opt/gcc/4.9.2/libexec/gcc/x86_64-unknown-linux-gnu/:/opt/gcc/4.9.2/lib/gcc/x86_64-unknown-linux-gnu/4.9.2/:/opt/gcc/4.9.2/lib/gcc/x86_64-unknown-linux-gnu/]
  ignore line: [LIBRARY_PATH=/opt/gcc/4.9.2/lib/gcc/x86_64-unknown-linux-gnu/4.9.2/:/opt/gcc/4.9.2/lib/gcc/x86_64-unknown-linux-gnu/4.9.2/../../../../lib64/:/lib/../lib64/:/usr/lib/../lib64/:/opt/intel/composer_xe_2015.3.187/compiler/lib/intel64/:/opt/intel/composer_xe_2015.3.187/ipp/../compiler/lib/intel64/:/opt/intel/composer_xe_2015.3.187/ipp/lib/intel64/:/opt/intel/composer_xe_2015.3.187/compiler/lib/intel64/:/opt/intel/composer_xe_2015.3.187/mkl/lib/intel64/:/opt/intel/composer_xe_2015.3.187/tbb/lib/intel64/gcc4.4/:/opt/intel/composer_xe_2015.3.187/compiler/lib/intel64/:/opt/intel/composer_xe_2015.3.187/ipp/../compiler/lib/intel64/:/opt/intel/composer_xe_2015.3.187/ipp/lib/intel64/:/opt/intel/composer_xe_2015.3.187/compiler/lib/intel64/:/opt/intel/composer_xe_2015.3.187/mkl/lib/intel64/:/opt/intel/composer_xe_2015.3.187/tbb/lib/intel64/gcc4.4/:/opt/gcc/4.9.2/lib/gcc/x86_64-unknown-linux-gnu/4.9.2/../../../:/lib/:/usr/lib/]
  ignore line: [COLLECT_GCC_OPTIONS='-v' '-o' 'cmTryCompileExec2536774522' '-rdynamic' '-shared-libgcc' '-mtune=generic' '-march=x86-64']
  link line: [ /opt/gcc/4.9.2/libexec/gcc/x86_64-unknown-linux-gnu/4.9.2/collect2 --eh-frame-hdr -m elf_x86_64 -export-dynamic -dynamic-linker /lib64/ld-linux-x86-64.so.2 -o cmTryCompileExec2536774522 /usr/lib/../lib64/crt1.o /usr/lib/../lib64/crti.o /opt/gcc/4.9.2/lib/gcc/x86_64-unknown-linux-gnu/4.9.2/crtbegin.o -L/opt/gcc/4.9.2/lib/gcc/x86_64-unknown-linux-gnu/4.9.2 -L/opt/gcc/4.9.2/lib/gcc/x86_64-unknown-linux-gnu/4.9.2/../../../../lib64 -L/lib/../lib64 -L/usr/lib/../lib64 -L/opt/intel/composer_xe_2015.3.187/compiler/lib/intel64 -L/opt/intel/composer_xe_2015.3.187/ipp/../compiler/lib/intel64 -L/opt/intel/composer_xe_2015.3.187/ipp/lib/intel64 -L/opt/intel/composer_xe_2015.3.187/compiler/lib/intel64 -L/opt/intel/composer_xe_2015.3.187/mkl/lib/intel64 -L/opt/intel/composer_xe_2015.3.187/tbb/lib/intel64/gcc4.4 -L/opt/intel/composer_xe_2015.3.187/compiler/lib/intel64 -L/opt/intel/composer_xe_2015.3.187/ipp/../compiler/lib/intel64 -L/opt/intel/composer_xe_2015.3.187/ipp/lib/intel64 -L/opt/intel/composer_xe_2015.3.187/compiler/lib/intel64 -L/opt/intel/composer_xe_2015.3.187/mkl/lib/intel64 -L/opt/intel/composer_xe_2015.3.187/tbb/lib/intel64/gcc4.4 -L/opt/gcc/4.9.2/lib/gcc/x86_64-unknown-linux-gnu/4.9.2/../../.. CMakeFiles/cmTryCompileExec2536774522.dir/CMakeCXXCompilerABI.cpp.o -lstdc++ -lm -lgcc_s -lgcc -lc -lgcc_s -lgcc /opt/gcc/4.9.2/lib/gcc/x86_64-unknown-linux-gnu/4.9.2/crtend.o /usr/lib/../lib64/crtn.o]
    arg [/opt/gcc/4.9.2/libexec/gcc/x86_64-unknown-linux-gnu/4.9.2/collect2] ==> ignore
    arg [--eh-frame-hdr] ==> ignore
    arg [-m] ==> ignore
    arg [elf_x86_64] ==> ignore
    arg [-export-dynamic] ==> ignore
    arg [-dynamic-linker] ==> ignore
    arg [/lib64/ld-linux-x86-64.so.2] ==> ignore
    arg [-o] ==> ignore
    arg [cmTryCompileExec2536774522] ==> ignore
    arg [/usr/lib/../lib64/crt1.o] ==> ignore
    arg [/usr/lib/../lib64/crti.o] ==> ignore
    arg [/opt/gcc/4.9.2/lib/gcc/x86_64-unknown-linux-gnu/4.9.2/crtbegin.o] ==> ignore
    arg [-L/opt/gcc/4.9.2/lib/gcc/x86_64-unknown-linux-gnu/4.9.2] ==> dir [/opt/gcc/4.9.2/lib/gcc/x86_64-unknown-linux-gnu/4.9.2]
    arg [-L/opt/gcc/4.9.2/lib/gcc/x86_64-unknown-linux-gnu/4.9.2/../../../../lib64] ==> dir [/opt/gcc/4.9.2/lib/gcc/x86_64-unknown-linux-gnu/4.9.2/../../../../lib64]
    arg [-L/lib/../lib64] ==> dir [/lib/../lib64]
    arg [-L/usr/lib/../lib64] ==> dir [/usr/lib/../lib64]
    arg [-L/opt/intel/composer_xe_2015.3.187/compiler/lib/intel64] ==> dir [/opt/intel/composer_xe_2015.3.187/compiler/lib/intel64]
    arg [-L/opt/intel/composer_xe_2015.3.187/ipp/../compiler/lib/intel64] ==> dir [/opt/intel/composer_xe_2015.3.187/ipp/../compiler/lib/intel64]
    arg [-L/opt/intel/composer_xe_2015.3.187/ipp/lib/intel64] ==> dir [/opt/intel/composer_xe_2015.3.187/ipp/lib/intel64]
    arg [-L/opt/intel/composer_xe_2015.3.187/compiler/lib/intel64] ==> dir [/opt/intel/composer_xe_2015.3.187/compiler/lib/intel64]
    arg [-L/opt/intel/composer_xe_2015.3.187/mkl/lib/intel64] ==> dir [/opt/intel/composer_xe_2015.3.187/mkl/lib/intel64]
    arg [-L/opt/intel/composer_xe_2015.3.187/tbb/lib/intel64/gcc4.4] ==> dir [/opt/intel/composer_xe_2015.3.187/tbb/lib/intel64/gcc4.4]
    arg [-L/opt/intel/composer_xe_2015.3.187/compiler/lib/intel64] ==> dir [/opt/intel/composer_xe_2015.3.187/compiler/lib/intel64]
    arg [-L/opt/intel/composer_xe_2015.3.187/ipp/../compiler/lib/intel64] ==> dir [/opt/intel/composer_xe_2015.3.187/ipp/../compiler/lib/intel64]
    arg [-L/opt/intel/composer_xe_2015.3.187/ipp/lib/intel64] ==> dir [/opt/intel/composer_xe_2015.3.187/ipp/lib/intel64]
    arg [-L/opt/intel/composer_xe_2015.3.187/compiler/lib/intel64] ==> dir [/opt/intel/composer_xe_2015.3.187/compiler/lib/intel64]
    arg [-L/opt/intel/composer_xe_2015.3.187/mkl/lib/intel64] ==> dir [/opt/intel/composer_xe_2015.3.187/mkl/lib/intel64]
    arg [-L/opt/intel/composer_xe_2015.3.187/tbb/lib/intel64/gcc4.4] ==> dir [/opt/intel/composer_xe_2015.3.187/tbb/lib/intel64/gcc4.4]
    arg [-L/opt/gcc/4.9.2/lib/gcc/x86_64-unknown-linux-gnu/4.9.2/../../..] ==> dir [/opt/gcc/4.9.2/lib/gcc/x86_64-unknown-linux-gnu/4.9.2/../../..]
    arg [CMakeFiles/cmTryCompileExec2536774522.dir/CMakeCXXCompilerABI.cpp.o] ==> ignore
    arg [-lstdc++] ==> lib [stdc++]
    arg [-lm] ==> lib [m]
    arg [-lgcc_s] ==> lib [gcc_s]
    arg [-lgcc] ==> lib [gcc]
    arg [-lc] ==> lib [c]
    arg [-lgcc_s] ==> lib [gcc_s]
    arg [-lgcc] ==> lib [gcc]
    arg [/opt/gcc/4.9.2/lib/gcc/x86_64-unknown-linux-gnu/4.9.2/crtend.o] ==> ignore
    arg [/usr/lib/../lib64/crtn.o] ==> ignore
  remove lib [gcc_s]
  remove lib [gcc]
  remove lib [gcc_s]
  remove lib [gcc]
  collapse library dir [/opt/gcc/4.9.2/lib/gcc/x86_64-unknown-linux-gnu/4.9.2] ==> [/opt/gcc/4.9.2/lib/gcc/x86_64-unknown-linux-gnu/4.9.2]
  collapse library dir [/opt/gcc/4.9.2/lib/gcc/x86_64-unknown-linux-gnu/4.9.2/../../../../lib64] ==> [/opt/gcc/4.9.2/lib64]
  collapse library dir [/lib/../lib64] ==> [/lib64]
  collapse library dir [/usr/lib/../lib64] ==> [/usr/lib64]
  collapse library dir [/opt/intel/composer_xe_2015.3.187/compiler/lib/intel64] ==> [/opt/intel/composer_xe_2015.3.187/compiler/lib/intel64]
  collapse library dir [/opt/intel/composer_xe_2015.3.187/ipp/../compiler/lib/intel64] ==> [/opt/intel/composer_xe_2015.3.187/compiler/lib/intel64]
  collapse library dir [/opt/intel/composer_xe_2015.3.187/ipp/lib/intel64] ==> [/opt/intel/composer_xe_2015.3.187/ipp/lib/intel64]
  collapse library dir [/opt/intel/composer_xe_2015.3.187/compiler/lib/intel64] ==> [/opt/intel/composer_xe_2015.3.187/compiler/lib/intel64]
  collapse library dir [/opt/intel/composer_xe_2015.3.187/mkl/lib/intel64] ==> [/opt/intel/composer_xe_2015.3.187/mkl/lib/intel64]
  collapse library dir [/opt/intel/composer_xe_2015.3.187/tbb/lib/intel64/gcc4.4] ==> [/opt/intel/composer_xe_2015.3.187/tbb/lib/intel64/gcc4.4]
  collapse library dir [/opt/intel/composer_xe_2015.3.187/compiler/lib/intel64] ==> [/opt/intel/composer_xe_2015.3.187/compiler/lib/intel64]
  collapse library dir [/opt/intel/composer_xe_2015.3.187/ipp/../compiler/lib/intel64] ==> [/opt/intel/composer_xe_2015.3.187/compiler/lib/intel64]
  collapse library dir [/opt/intel/composer_xe_2015.3.187/ipp/lib/intel64] ==> [/opt/intel/composer_xe_2015.3.187/ipp/lib/intel64]
  collapse library dir [/opt/intel/composer_xe_2015.3.187/compiler/lib/intel64] ==> [/opt/intel/composer_xe_2015.3.187/compiler/lib/intel64]
  collapse library dir [/opt/intel/composer_xe_2015.3.187/mkl/lib/intel64] ==> [/opt/intel/composer_xe_2015.3.187/mkl/lib/intel64]
  collapse library dir [/opt/intel/composer_xe_2015.3.187/tbb/lib/intel64/gcc4.4] ==> [/opt/intel/composer_xe_2015.3.187/tbb/lib/intel64/gcc4.4]
  collapse library dir [/opt/gcc/4.9.2/lib/gcc/x86_64-unknown-linux-gnu/4.9.2/../../..] ==> [/opt/gcc/4.9.2/lib]
  implicit libs: [stdc++;m;c]
  implicit dirs: [/opt/gcc/4.9.2/lib/gcc/x86_64-unknown-linux-gnu/4.9.2;/opt/gcc/4.9.2/lib64;/lib64;/usr/lib64;/opt/intel/composer_xe_2015.3.187/compiler/lib/intel64;/opt/intel/composer_xe_2015.3.187/ipp/lib/intel64;/opt/intel/composer_xe_2015.3.187/mkl/lib/intel64;/opt/intel/composer_xe_2015.3.187/tbb/lib/intel64/gcc4.4;/opt/gcc/4.9.2/lib]
  implicit fwks: []


